{"level":"info","message":"::1 - - [13/May/2016:23:55:09 +0000] \"GET /randomizer HTTP/1.1\" 304 - \"http://localhost:3000/\" \"Mozilla/5.0 (Macintosh; Intel Mac OS X 10_11_3) AppleWebKit/537.36 (KHTML, like Gecko) Chrome/50.0.2661.102 Safari/537.36\"\n","timestamp":"2016-05-13T23:55:09.000Z"}
{"level":"info","message":"::1 - - [13/May/2016:23:55:09 +0000] \"GET /stylesheets/style3.css HTTP/1.1\" 304 - \"http://localhost:3000/randomizer\" \"Mozilla/5.0 (Macintosh; Intel Mac OS X 10_11_3) AppleWebKit/537.36 (KHTML, like Gecko) Chrome/50.0.2661.102 Safari/537.36\"\n","timestamp":"2016-05-13T23:55:09.114Z"}
{"level":"info","message":"::1 - - [13/May/2016:23:55:09 +0000] \"GET /javascripts/utils/prism.js HTTP/1.1\" 304 - \"http://localhost:3000/randomizer\" \"Mozilla/5.0 (Macintosh; Intel Mac OS X 10_11_3) AppleWebKit/537.36 (KHTML, like Gecko) Chrome/50.0.2661.102 Safari/537.36\"\n","timestamp":"2016-05-13T23:55:09.118Z"}
{"level":"info","message":"::1 - - [13/May/2016:23:55:09 +0000] \"GET /javascripts/utils/perfect-scrollbar.js HTTP/1.1\" 304 - \"http://localhost:3000/randomizer\" \"Mozilla/5.0 (Macintosh; Intel Mac OS X 10_11_3) AppleWebKit/537.36 (KHTML, like Gecko) Chrome/50.0.2661.102 Safari/537.36\"\n","timestamp":"2016-05-13T23:55:09.118Z"}
{"level":"info","message":"::1 - - [13/May/2016:23:55:09 +0000] \"GET /javascripts/utils/plugins.js HTTP/1.1\" 304 - \"http://localhost:3000/randomizer\" \"Mozilla/5.0 (Macintosh; Intel Mac OS X 10_11_3) AppleWebKit/537.36 (KHTML, like Gecko) Chrome/50.0.2661.102 Safari/537.36\"\n","timestamp":"2016-05-13T23:55:09.119Z"}
{"level":"info","message":"::1 - - [13/May/2016:23:55:09 +0000] \"GET /images/logo.png HTTP/1.1\" 304 - \"http://localhost:3000/randomizer\" \"Mozilla/5.0 (Macintosh; Intel Mac OS X 10_11_3) AppleWebKit/537.36 (KHTML, like Gecko) Chrome/50.0.2661.102 Safari/537.36\"\n","timestamp":"2016-05-13T23:55:09.125Z"}
{"level":"info","message":"::1 - - [13/May/2016:23:55:10 +0000] \"GET /images/logo.png HTTP/1.1\" 200 121356 \"http://localhost:3000/randomizer\" \"Mozilla/5.0 (Macintosh; Intel Mac OS X 10_11_3) AppleWebKit/537.36 (KHTML, like Gecko) Chrome/50.0.2661.102 Safari/537.36\"\n","timestamp":"2016-05-13T23:55:10.274Z"}
{"level":"info","message":"::1 - - [13/May/2016:23:57:00 +0000] \"GET /stylesheets/style3.css HTTP/1.1\" 304 - \"http://localhost:3000/randomizer\" \"Mozilla/5.0 (Macintosh; Intel Mac OS X 10_11_3) AppleWebKit/537.36 (KHTML, like Gecko) Chrome/50.0.2661.102 Safari/537.36\"\n","timestamp":"2016-05-13T23:57:00.330Z"}
{"level":"info","message":"::1 - - [13/May/2016:23:57:57 +0000] \"GET /randomizer HTTP/1.1\" 304 - \"http://localhost:3000/\" \"Mozilla/5.0 (Macintosh; Intel Mac OS X 10_11_3) AppleWebKit/537.36 (KHTML, like Gecko) Chrome/50.0.2661.102 Safari/537.36\"\n","timestamp":"2016-05-13T23:57:57.085Z"}
{"level":"info","message":"::1 - - [13/May/2016:23:57:57 +0000] \"GET /stylesheets/style3.css HTTP/1.1\" 304 - \"http://localhost:3000/randomizer\" \"Mozilla/5.0 (Macintosh; Intel Mac OS X 10_11_3) AppleWebKit/537.36 (KHTML, like Gecko) Chrome/50.0.2661.102 Safari/537.36\"\n","timestamp":"2016-05-13T23:57:57.206Z"}
{"level":"info","message":"::1 - - [13/May/2016:23:57:57 +0000] \"GET /javascripts/utils/prism.js HTTP/1.1\" 304 - \"http://localhost:3000/randomizer\" \"Mozilla/5.0 (Macintosh; Intel Mac OS X 10_11_3) AppleWebKit/537.36 (KHTML, like Gecko) Chrome/50.0.2661.102 Safari/537.36\"\n","timestamp":"2016-05-13T23:57:57.210Z"}
{"level":"info","message":"::1 - - [13/May/2016:23:57:57 +0000] \"GET /javascripts/utils/perfect-scrollbar.js HTTP/1.1\" 304 - \"http://localhost:3000/randomizer\" \"Mozilla/5.0 (Macintosh; Intel Mac OS X 10_11_3) AppleWebKit/537.36 (KHTML, like Gecko) Chrome/50.0.2661.102 Safari/537.36\"\n","timestamp":"2016-05-13T23:57:57.211Z"}
{"level":"info","message":"::1 - - [13/May/2016:23:57:57 +0000] \"GET /javascripts/utils/plugins.js HTTP/1.1\" 304 - \"http://localhost:3000/randomizer\" \"Mozilla/5.0 (Macintosh; Intel Mac OS X 10_11_3) AppleWebKit/537.36 (KHTML, like Gecko) Chrome/50.0.2661.102 Safari/537.36\"\n","timestamp":"2016-05-13T23:57:57.212Z"}
{"level":"info","message":"::1 - - [13/May/2016:23:57:57 +0000] \"GET /images/logo.png HTTP/1.1\" 304 - \"http://localhost:3000/randomizer\" \"Mozilla/5.0 (Macintosh; Intel Mac OS X 10_11_3) AppleWebKit/537.36 (KHTML, like Gecko) Chrome/50.0.2661.102 Safari/537.36\"\n","timestamp":"2016-05-13T23:57:57.213Z"}
{"level":"info","message":"Connected to MySQL database at cmsc128-ab-2l-seoul.chpejxdwz6ao.ap-northeast-2.rds.amazonaws.com : 3306","timestamp":"2016-05-13T23:59:40.621Z"}
{"level":"info","message":"Express app (sogo) has started","timestamp":"2016-05-13T23:59:40.630Z"}
{"level":"info","message":"Listening to localhost:3000\n============================","timestamp":"2016-05-13T23:59:40.678Z"}
{"level":"info","message":"::1 - - [14/May/2016:00:00:04 +0000] \"GET / HTTP/1.1\" 304 - \"-\" \"Mozilla/5.0 (Macintosh; Intel Mac OS X 10_11_3) AppleWebKit/537.36 (KHTML, like Gecko) Chrome/50.0.2661.102 Safari/537.36\"\n","timestamp":"2016-05-14T00:00:04.450Z"}
{"level":"info","message":"::1 - - [14/May/2016:00:00:04 +0000] \"GET /stylesheets/font-awesome.min.css HTTP/1.1\" 304 - \"http://localhost:3000/\" \"Mozilla/5.0 (Macintosh; Intel Mac OS X 10_11_3) AppleWebKit/537.36 (KHTML, like Gecko) Chrome/50.0.2661.102 Safari/537.36\"\n","timestamp":"2016-05-14T00:00:04.673Z"}
{"level":"info","message":"::1 - - [14/May/2016:00:00:04 +0000] \"GET /stylesheets/style-2.css HTTP/1.1\" 304 - \"http://localhost:3000/\" \"Mozilla/5.0 (Macintosh; Intel Mac OS X 10_11_3) AppleWebKit/537.36 (KHTML, like Gecko) Chrome/50.0.2661.102 Safari/537.36\"\n","timestamp":"2016-05-14T00:00:04.679Z"}
{"level":"info","message":"::1 - - [14/May/2016:00:00:04 +0000] \"GET /images/logo.png HTTP/1.1\" 304 - \"http://localhost:3000/\" \"Mozilla/5.0 (Macintosh; Intel Mac OS X 10_11_3) AppleWebKit/537.36 (KHTML, like Gecko) Chrome/50.0.2661.102 Safari/537.36\"\n","timestamp":"2016-05-14T00:00:04.680Z"}
{"level":"info","message":"::1 - - [14/May/2016:00:00:04 +0000] \"GET /javascripts/utils/modernizr-2.8.0.min.js HTTP/1.1\" 304 - \"http://localhost:3000/\" \"Mozilla/5.0 (Macintosh; Intel Mac OS X 10_11_3) AppleWebKit/537.36 (KHTML, like Gecko) Chrome/50.0.2661.102 Safari/537.36\"\n","timestamp":"2016-05-14T00:00:04.681Z"}
{"level":"info","message":"::1 - - [14/May/2016:00:00:04 +0000] \"GET /javascripts/utils/plugins-3.js HTTP/1.1\" 304 - \"http://localhost:3000/\" \"Mozilla/5.0 (Macintosh; Intel Mac OS X 10_11_3) AppleWebKit/537.36 (KHTML, like Gecko) Chrome/50.0.2661.102 Safari/537.36\"\n","timestamp":"2016-05-14T00:00:04.686Z"}
{"level":"info","message":"::1 - - [14/May/2016:00:00:04 +0000] \"GET /javascripts/utils/functions.js HTTP/1.1\" 304 - \"http://localhost:3000/\" \"Mozilla/5.0 (Macintosh; Intel Mac OS X 10_11_3) AppleWebKit/537.36 (KHTML, like Gecko) Chrome/50.0.2661.102 Safari/537.36\"\n","timestamp":"2016-05-14T00:00:04.687Z"}
{"level":"info","message":"::1 - - [14/May/2016:00:00:04 +0000] \"GET /javascripts/utils/jquery.ajaxchimp.min.js HTTP/1.1\" 304 - \"http://localhost:3000/\" \"Mozilla/5.0 (Macintosh; Intel Mac OS X 10_11_3) AppleWebKit/537.36 (KHTML, like Gecko) Chrome/50.0.2661.102 Safari/537.36\"\n","timestamp":"2016-05-14T00:00:04.689Z"}
{"level":"info","message":"::1 - - [14/May/2016:00:00:04 +0000] \"GET /images/index_bg.jpg HTTP/1.1\" 304 - \"http://localhost:3000/stylesheets/style-2.css\" \"Mozilla/5.0 (Macintosh; Intel Mac OS X 10_11_3) AppleWebKit/537.36 (KHTML, like Gecko) Chrome/50.0.2661.102 Safari/537.36\"\n","timestamp":"2016-05-14T00:00:04.795Z"}
{"level":"info","message":"::1 - - [14/May/2016:00:00:08 +0000] \"GET /randomizer HTTP/1.1\" 200 - \"http://localhost:3000/\" \"Mozilla/5.0 (Macintosh; Intel Mac OS X 10_11_3) AppleWebKit/537.36 (KHTML, like Gecko) Chrome/50.0.2661.102 Safari/537.36\"\n","timestamp":"2016-05-14T00:00:08.339Z"}
{"level":"info","message":"::1 - - [14/May/2016:00:00:08 +0000] \"GET /stylesheets/style3.css HTTP/1.1\" 304 - \"http://localhost:3000/randomizer\" \"Mozilla/5.0 (Macintosh; Intel Mac OS X 10_11_3) AppleWebKit/537.36 (KHTML, like Gecko) Chrome/50.0.2661.102 Safari/537.36\"\n","timestamp":"2016-05-14T00:00:08.428Z"}
{"level":"info","message":"::1 - - [14/May/2016:00:00:08 +0000] \"GET /javascripts/utils/prism.js HTTP/1.1\" 304 - \"http://localhost:3000/randomizer\" \"Mozilla/5.0 (Macintosh; Intel Mac OS X 10_11_3) AppleWebKit/537.36 (KHTML, like Gecko) Chrome/50.0.2661.102 Safari/537.36\"\n","timestamp":"2016-05-14T00:00:08.430Z"}
{"level":"info","message":"::1 - - [14/May/2016:00:00:08 +0000] \"GET /javascripts/utils/perfect-scrollbar.js HTTP/1.1\" 304 - \"http://localhost:3000/randomizer\" \"Mozilla/5.0 (Macintosh; Intel Mac OS X 10_11_3) AppleWebKit/537.36 (KHTML, like Gecko) Chrome/50.0.2661.102 Safari/537.36\"\n","timestamp":"2016-05-14T00:00:08.432Z"}
{"level":"info","message":"::1 - - [14/May/2016:00:00:08 +0000] \"GET /javascripts/utils/plugins.js HTTP/1.1\" 304 - \"http://localhost:3000/randomizer\" \"Mozilla/5.0 (Macintosh; Intel Mac OS X 10_11_3) AppleWebKit/537.36 (KHTML, like Gecko) Chrome/50.0.2661.102 Safari/537.36\"\n","timestamp":"2016-05-14T00:00:08.436Z"}
{"level":"info","message":"::1 - - [14/May/2016:00:00:08 +0000] \"GET /images/logo.png HTTP/1.1\" 304 - \"http://localhost:3000/randomizer\" \"Mozilla/5.0 (Macintosh; Intel Mac OS X 10_11_3) AppleWebKit/537.36 (KHTML, like Gecko) Chrome/50.0.2661.102 Safari/537.36\"\n","timestamp":"2016-05-14T00:00:08.437Z"}
{"level":"info","message":"::1 - - [14/May/2016:00:00:18 +0000] \"GET /stylesheets/style3.css HTTP/1.1\" 304 - \"http://localhost:3000/randomizer\" \"Mozilla/5.0 (Macintosh; Intel Mac OS X 10_11_3) AppleWebKit/537.36 (KHTML, like Gecko) Chrome/50.0.2661.102 Safari/537.36\"\n","timestamp":"2016-05-14T00:00:18.059Z"}
{"level":"info","message":"::1 - - [14/May/2016:00:01:51 +0000] \"GET /randomizer HTTP/1.1\" 304 - \"http://localhost:3000/\" \"Mozilla/5.0 (Macintosh; Intel Mac OS X 10_11_3) AppleWebKit/537.36 (KHTML, like Gecko) Chrome/50.0.2661.102 Safari/537.36\"\n","timestamp":"2016-05-14T00:01:51.127Z"}
{"level":"info","message":"::1 - - [14/May/2016:00:01:51 +0000] \"GET /stylesheets/style3.css HTTP/1.1\" 304 - \"http://localhost:3000/randomizer\" \"Mozilla/5.0 (Macintosh; Intel Mac OS X 10_11_3) AppleWebKit/537.36 (KHTML, like Gecko) Chrome/50.0.2661.102 Safari/537.36\"\n","timestamp":"2016-05-14T00:01:51.260Z"}
{"level":"info","message":"::1 - - [14/May/2016:00:01:51 +0000] \"GET /javascripts/utils/prism.js HTTP/1.1\" 304 - \"http://localhost:3000/randomizer\" \"Mozilla/5.0 (Macintosh; Intel Mac OS X 10_11_3) AppleWebKit/537.36 (KHTML, like Gecko) Chrome/50.0.2661.102 Safari/537.36\"\n","timestamp":"2016-05-14T00:01:51.263Z"}
{"level":"info","message":"::1 - - [14/May/2016:00:01:51 +0000] \"GET /javascripts/utils/perfect-scrollbar.js HTTP/1.1\" 304 - \"http://localhost:3000/randomizer\" \"Mozilla/5.0 (Macintosh; Intel Mac OS X 10_11_3) AppleWebKit/537.36 (KHTML, like Gecko) Chrome/50.0.2661.102 Safari/537.36\"\n","timestamp":"2016-05-14T00:01:51.264Z"}
{"level":"info","message":"::1 - - [14/May/2016:00:01:51 +0000] \"GET /javascripts/utils/plugins.js HTTP/1.1\" 304 - \"http://localhost:3000/randomizer\" \"Mozilla/5.0 (Macintosh; Intel Mac OS X 10_11_3) AppleWebKit/537.36 (KHTML, like Gecko) Chrome/50.0.2661.102 Safari/537.36\"\n","timestamp":"2016-05-14T00:01:51.265Z"}
{"level":"info","message":"::1 - - [14/May/2016:00:01:51 +0000] \"GET /images/logo.png HTTP/1.1\" 304 - \"http://localhost:3000/randomizer\" \"Mozilla/5.0 (Macintosh; Intel Mac OS X 10_11_3) AppleWebKit/537.36 (KHTML, like Gecko) Chrome/50.0.2661.102 Safari/537.36\"\n","timestamp":"2016-05-14T00:01:51.268Z"}
{"level":"info","message":"Connected to MySQL database at cmsc128-ab-2l-seoul.chpejxdwz6ao.ap-northeast-2.rds.amazonaws.com : 3306","timestamp":"2016-05-14T00:01:58.728Z"}
{"level":"info","message":"Express app (sogo) has started","timestamp":"2016-05-14T00:01:58.737Z"}
{"level":"info","message":"Listening to localhost:3000\n============================","timestamp":"2016-05-14T00:01:58.781Z"}
{"level":"info","message":"Connected to MySQL database at localhost : 3000","timestamp":"2016-05-14T00:02:29.868Z"}
{"level":"info","message":"Express app (sogo) has started","timestamp":"2016-05-14T00:02:29.877Z"}
{"level":"info","message":"Listening to localhost:3000\n============================","timestamp":"2016-05-14T00:02:29.931Z"}
{"level":"info","message":"::1 - - [14/May/2016:00:03:33 +0000] \"GET / HTTP/1.1\" 304 - \"-\" \"Mozilla/5.0 (Macintosh; Intel Mac OS X 10_11_3) AppleWebKit/537.36 (KHTML, like Gecko) Chrome/50.0.2661.102 Safari/537.36\"\n","timestamp":"2016-05-14T00:03:33.818Z"}
{"level":"info","message":"::1 - - [14/May/2016:00:03:33 +0000] \"GET /stylesheets/font-awesome.min.css HTTP/1.1\" 304 - \"http://localhost:3000/\" \"Mozilla/5.0 (Macintosh; Intel Mac OS X 10_11_3) AppleWebKit/537.36 (KHTML, like Gecko) Chrome/50.0.2661.102 Safari/537.36\"\n","timestamp":"2016-05-14T00:03:33.975Z"}
{"level":"info","message":"::1 - - [14/May/2016:00:03:33 +0000] \"GET /stylesheets/style-2.css HTTP/1.1\" 304 - \"http://localhost:3000/\" \"Mozilla/5.0 (Macintosh; Intel Mac OS X 10_11_3) AppleWebKit/537.36 (KHTML, like Gecko) Chrome/50.0.2661.102 Safari/537.36\"\n","timestamp":"2016-05-14T00:03:33.978Z"}
{"level":"info","message":"::1 - - [14/May/2016:00:03:33 +0000] \"GET /javascripts/utils/modernizr-2.8.0.min.js HTTP/1.1\" 304 - \"http://localhost:3000/\" \"Mozilla/5.0 (Macintosh; Intel Mac OS X 10_11_3) AppleWebKit/537.36 (KHTML, like Gecko) Chrome/50.0.2661.102 Safari/537.36\"\n","timestamp":"2016-05-14T00:03:33.983Z"}
{"level":"info","message":"::1 - - [14/May/2016:00:03:34 +0000] \"GET /javascripts/utils/plugins-3.js HTTP/1.1\" 304 - \"http://localhost:3000/\" \"Mozilla/5.0 (Macintosh; Intel Mac OS X 10_11_3) AppleWebKit/537.36 (KHTML, like Gecko) Chrome/50.0.2661.102 Safari/537.36\"\n","timestamp":"2016-05-14T00:03:34.021Z"}
{"level":"info","message":"::1 - - [14/May/2016:00:03:34 +0000] \"GET /javascripts/utils/functions.js HTTP/1.1\" 304 - \"http://localhost:3000/\" \"Mozilla/5.0 (Macintosh; Intel Mac OS X 10_11_3) AppleWebKit/537.36 (KHTML, like Gecko) Chrome/50.0.2661.102 Safari/537.36\"\n","timestamp":"2016-05-14T00:03:34.030Z"}
{"level":"info","message":"::1 - - [14/May/2016:00:03:34 +0000] \"GET /javascripts/utils/jquery.ajaxchimp.min.js HTTP/1.1\" 304 - \"http://localhost:3000/\" \"Mozilla/5.0 (Macintosh; Intel Mac OS X 10_11_3) AppleWebKit/537.36 (KHTML, like Gecko) Chrome/50.0.2661.102 Safari/537.36\"\n","timestamp":"2016-05-14T00:03:34.037Z"}
{"level":"info","message":"::1 - - [14/May/2016:00:03:34 +0000] \"GET /images/logo.png HTTP/1.1\" 304 - \"http://localhost:3000/\" \"Mozilla/5.0 (Macintosh; Intel Mac OS X 10_11_3) AppleWebKit/537.36 (KHTML, like Gecko) Chrome/50.0.2661.102 Safari/537.36\"\n","timestamp":"2016-05-14T00:03:34.045Z"}
{"level":"info","message":"::1 - - [14/May/2016:00:03:34 +0000] \"GET /images/index_bg.jpg HTTP/1.1\" 304 - \"http://localhost:3000/stylesheets/style-2.css\" \"Mozilla/5.0 (Macintosh; Intel Mac OS X 10_11_3) AppleWebKit/537.36 (KHTML, like Gecko) Chrome/50.0.2661.102 Safari/537.36\"\n","timestamp":"2016-05-14T00:03:34.194Z"}
{"level":"info","message":"::1 - - [14/May/2016:00:03:36 +0000] \"GET /randomizer HTTP/1.1\" 200 - \"http://localhost:3000/\" \"Mozilla/5.0 (Macintosh; Intel Mac OS X 10_11_3) AppleWebKit/537.36 (KHTML, like Gecko) Chrome/50.0.2661.102 Safari/537.36\"\n","timestamp":"2016-05-14T00:03:36.193Z"}
{"level":"info","message":"::1 - - [14/May/2016:00:03:36 +0000] \"GET /stylesheets/style3.css HTTP/1.1\" 304 - \"http://localhost:3000/randomizer\" \"Mozilla/5.0 (Macintosh; Intel Mac OS X 10_11_3) AppleWebKit/537.36 (KHTML, like Gecko) Chrome/50.0.2661.102 Safari/537.36\"\n","timestamp":"2016-05-14T00:03:36.278Z"}
{"level":"info","message":"::1 - - [14/May/2016:00:03:36 +0000] \"GET /javascripts/utils/prism.js HTTP/1.1\" 304 - \"http://localhost:3000/randomizer\" \"Mozilla/5.0 (Macintosh; Intel Mac OS X 10_11_3) AppleWebKit/537.36 (KHTML, like Gecko) Chrome/50.0.2661.102 Safari/537.36\"\n","timestamp":"2016-05-14T00:03:36.279Z"}
{"level":"info","message":"::1 - - [14/May/2016:00:03:36 +0000] \"GET /javascripts/utils/perfect-scrollbar.js HTTP/1.1\" 304 - \"http://localhost:3000/randomizer\" \"Mozilla/5.0 (Macintosh; Intel Mac OS X 10_11_3) AppleWebKit/537.36 (KHTML, like Gecko) Chrome/50.0.2661.102 Safari/537.36\"\n","timestamp":"2016-05-14T00:03:36.280Z"}
{"level":"info","message":"::1 - - [14/May/2016:00:03:36 +0000] \"GET /javascripts/utils/plugins.js HTTP/1.1\" 304 - \"http://localhost:3000/randomizer\" \"Mozilla/5.0 (Macintosh; Intel Mac OS X 10_11_3) AppleWebKit/537.36 (KHTML, like Gecko) Chrome/50.0.2661.102 Safari/537.36\"\n","timestamp":"2016-05-14T00:03:36.282Z"}
{"level":"info","message":"::1 - - [14/May/2016:00:03:36 +0000] \"GET /images/logo.png HTTP/1.1\" 304 - \"http://localhost:3000/randomizer\" \"Mozilla/5.0 (Macintosh; Intel Mac OS X 10_11_3) AppleWebKit/537.36 (KHTML, like Gecko) Chrome/50.0.2661.102 Safari/537.36\"\n","timestamp":"2016-05-14T00:03:36.304Z"}
{"level":"info","message":"::1 - - [14/May/2016:00:03:46 +0000] \"GET /stylesheets/style3.css HTTP/1.1\" 304 - \"http://localhost:3000/randomizer\" \"Mozilla/5.0 (Macintosh; Intel Mac OS X 10_11_3) AppleWebKit/537.36 (KHTML, like Gecko) Chrome/50.0.2661.102 Safari/537.36\"\n","timestamp":"2016-05-14T00:03:46.499Z"}
{"level":"info","message":"::1 - - [14/May/2016:00:05:33 +0000] \"GET /randomizer HTTP/1.1\" 304 - \"http://localhost:3000/\" \"Mozilla/5.0 (Macintosh; Intel Mac OS X 10_11_3) AppleWebKit/537.36 (KHTML, like Gecko) Chrome/50.0.2661.102 Safari/537.36\"\n","timestamp":"2016-05-14T00:05:33.966Z"}
{"level":"info","message":"::1 - - [14/May/2016:00:05:34 +0000] \"GET /stylesheets/style3.css HTTP/1.1\" 304 - \"http://localhost:3000/randomizer\" \"Mozilla/5.0 (Macintosh; Intel Mac OS X 10_11_3) AppleWebKit/537.36 (KHTML, like Gecko) Chrome/50.0.2661.102 Safari/537.36\"\n","timestamp":"2016-05-14T00:05:34.105Z"}
{"level":"info","message":"::1 - - [14/May/2016:00:05:34 +0000] \"GET /javascripts/utils/prism.js HTTP/1.1\" 304 - \"http://localhost:3000/randomizer\" \"Mozilla/5.0 (Macintosh; Intel Mac OS X 10_11_3) AppleWebKit/537.36 (KHTML, like Gecko) Chrome/50.0.2661.102 Safari/537.36\"\n","timestamp":"2016-05-14T00:05:34.114Z"}
{"level":"info","message":"::1 - - [14/May/2016:00:05:34 +0000] \"GET /javascripts/utils/perfect-scrollbar.js HTTP/1.1\" 304 - \"http://localhost:3000/randomizer\" \"Mozilla/5.0 (Macintosh; Intel Mac OS X 10_11_3) AppleWebKit/537.36 (KHTML, like Gecko) Chrome/50.0.2661.102 Safari/537.36\"\n","timestamp":"2016-05-14T00:05:34.126Z"}
{"level":"info","message":"::1 - - [14/May/2016:00:05:34 +0000] \"GET /javascripts/utils/plugins.js HTTP/1.1\" 304 - \"http://localhost:3000/randomizer\" \"Mozilla/5.0 (Macintosh; Intel Mac OS X 10_11_3) AppleWebKit/537.36 (KHTML, like Gecko) Chrome/50.0.2661.102 Safari/537.36\"\n","timestamp":"2016-05-14T00:05:34.131Z"}
{"level":"info","message":"::1 - - [14/May/2016:00:05:34 +0000] \"GET /images/logo.png HTTP/1.1\" 304 - \"http://localhost:3000/randomizer\" \"Mozilla/5.0 (Macintosh; Intel Mac OS X 10_11_3) AppleWebKit/537.36 (KHTML, like Gecko) Chrome/50.0.2661.102 Safari/537.36\"\n","timestamp":"2016-05-14T00:05:34.234Z"}
{"level":"info","message":"::1 - - [14/May/2016:00:05:35 +0000] \"GET /images/logo.png HTTP/1.1\" 200 121356 \"http://localhost:3000/randomizer\" \"Mozilla/5.0 (Macintosh; Intel Mac OS X 10_11_3) AppleWebKit/537.36 (KHTML, like Gecko) Chrome/50.0.2661.102 Safari/537.36\"\n","timestamp":"2016-05-14T00:05:35.179Z"}
{"level":"info","message":"::1 - - [14/May/2016:00:06:00 +0000] \"GET /stylesheets/style3.css HTTP/1.1\" 304 - \"http://localhost:3000/randomizer\" \"Mozilla/5.0 (Macintosh; Intel Mac OS X 10_11_3) AppleWebKit/537.36 (KHTML, like Gecko) Chrome/50.0.2661.102 Safari/537.36\"\n","timestamp":"2016-05-14T00:06:00.525Z"}
{"level":"info","message":"::1 - - [14/May/2016:00:06:59 +0000] \"GET /randomizer HTTP/1.1\" 304 - \"http://localhost:3000/\" \"Mozilla/5.0 (Macintosh; Intel Mac OS X 10_11_3) AppleWebKit/537.36 (KHTML, like Gecko) Chrome/50.0.2661.102 Safari/537.36\"\n","timestamp":"2016-05-14T00:06:59.124Z"}
{"level":"info","message":"::1 - - [14/May/2016:00:06:59 +0000] \"GET /stylesheets/style3.css HTTP/1.1\" 304 - \"http://localhost:3000/randomizer\" \"Mozilla/5.0 (Macintosh; Intel Mac OS X 10_11_3) AppleWebKit/537.36 (KHTML, like Gecko) Chrome/50.0.2661.102 Safari/537.36\"\n","timestamp":"2016-05-14T00:06:59.237Z"}
{"level":"info","message":"::1 - - [14/May/2016:00:06:59 +0000] \"GET /javascripts/utils/prism.js HTTP/1.1\" 304 - \"http://localhost:3000/randomizer\" \"Mozilla/5.0 (Macintosh; Intel Mac OS X 10_11_3) AppleWebKit/537.36 (KHTML, like Gecko) Chrome/50.0.2661.102 Safari/537.36\"\n","timestamp":"2016-05-14T00:06:59.241Z"}
{"level":"info","message":"::1 - - [14/May/2016:00:06:59 +0000] \"GET /javascripts/utils/perfect-scrollbar.js HTTP/1.1\" 304 - \"http://localhost:3000/randomizer\" \"Mozilla/5.0 (Macintosh; Intel Mac OS X 10_11_3) AppleWebKit/537.36 (KHTML, like Gecko) Chrome/50.0.2661.102 Safari/537.36\"\n","timestamp":"2016-05-14T00:06:59.242Z"}
{"level":"info","message":"::1 - - [14/May/2016:00:06:59 +0000] \"GET /javascripts/utils/plugins.js HTTP/1.1\" 304 - \"http://localhost:3000/randomizer\" \"Mozilla/5.0 (Macintosh; Intel Mac OS X 10_11_3) AppleWebKit/537.36 (KHTML, like Gecko) Chrome/50.0.2661.102 Safari/537.36\"\n","timestamp":"2016-05-14T00:06:59.243Z"}
{"level":"info","message":"::1 - - [14/May/2016:00:06:59 +0000] \"GET /images/logo.png HTTP/1.1\" 304 - \"http://localhost:3000/randomizer\" \"Mozilla/5.0 (Macintosh; Intel Mac OS X 10_11_3) AppleWebKit/537.36 (KHTML, like Gecko) Chrome/50.0.2661.102 Safari/537.36\"\n","timestamp":"2016-05-14T00:06:59.471Z"}
{"level":"info","message":"::1 - - [14/May/2016:00:07:52 +0000] \"GET /randomizer HTTP/1.1\" 304 - \"http://localhost:3000/\" \"Mozilla/5.0 (Macintosh; Intel Mac OS X 10_11_3) AppleWebKit/537.36 (KHTML, like Gecko) Chrome/50.0.2661.102 Safari/537.36\"\n","timestamp":"2016-05-14T00:07:52.393Z"}
{"level":"info","message":"::1 - - [14/May/2016:00:07:52 +0000] \"GET /stylesheets/style3.css HTTP/1.1\" 304 - \"http://localhost:3000/randomizer\" \"Mozilla/5.0 (Macintosh; Intel Mac OS X 10_11_3) AppleWebKit/537.36 (KHTML, like Gecko) Chrome/50.0.2661.102 Safari/537.36\"\n","timestamp":"2016-05-14T00:07:52.510Z"}
{"level":"info","message":"::1 - - [14/May/2016:00:07:52 +0000] \"GET /javascripts/utils/prism.js HTTP/1.1\" 304 - \"http://localhost:3000/randomizer\" \"Mozilla/5.0 (Macintosh; Intel Mac OS X 10_11_3) AppleWebKit/537.36 (KHTML, like Gecko) Chrome/50.0.2661.102 Safari/537.36\"\n","timestamp":"2016-05-14T00:07:52.511Z"}
{"level":"info","message":"::1 - - [14/May/2016:00:07:52 +0000] \"GET /javascripts/utils/perfect-scrollbar.js HTTP/1.1\" 304 - \"http://localhost:3000/randomizer\" \"Mozilla/5.0 (Macintosh; Intel Mac OS X 10_11_3) AppleWebKit/537.36 (KHTML, like Gecko) Chrome/50.0.2661.102 Safari/537.36\"\n","timestamp":"2016-05-14T00:07:52.512Z"}
{"level":"info","message":"::1 - - [14/May/2016:00:07:52 +0000] \"GET /javascripts/utils/plugins.js HTTP/1.1\" 304 - \"http://localhost:3000/randomizer\" \"Mozilla/5.0 (Macintosh; Intel Mac OS X 10_11_3) AppleWebKit/537.36 (KHTML, like Gecko) Chrome/50.0.2661.102 Safari/537.36\"\n","timestamp":"2016-05-14T00:07:52.513Z"}
{"level":"info","message":"::1 - - [14/May/2016:00:07:52 +0000] \"GET /images/logo.png HTTP/1.1\" 304 - \"http://localhost:3000/randomizer\" \"Mozilla/5.0 (Macintosh; Intel Mac OS X 10_11_3) AppleWebKit/537.36 (KHTML, like Gecko) Chrome/50.0.2661.102 Safari/537.36\"\n","timestamp":"2016-05-14T00:07:52.632Z"}
{"level":"info","message":"::1 - - [14/May/2016:00:08:08 +0000] \"GET /randomizer HTTP/1.1\" 304 - \"http://localhost:3000/\" \"Mozilla/5.0 (Macintosh; Intel Mac OS X 10_11_3) AppleWebKit/537.36 (KHTML, like Gecko) Chrome/50.0.2661.102 Safari/537.36\"\n","timestamp":"2016-05-14T00:08:08.172Z"}
{"level":"info","message":"::1 - - [14/May/2016:00:08:08 +0000] \"GET /stylesheets/style3.css HTTP/1.1\" 304 - \"http://localhost:3000/randomizer\" \"Mozilla/5.0 (Macintosh; Intel Mac OS X 10_11_3) AppleWebKit/537.36 (KHTML, like Gecko) Chrome/50.0.2661.102 Safari/537.36\"\n","timestamp":"2016-05-14T00:08:08.281Z"}
{"level":"info","message":"::1 - - [14/May/2016:00:08:08 +0000] \"GET /javascripts/utils/prism.js HTTP/1.1\" 304 - \"http://localhost:3000/randomizer\" \"Mozilla/5.0 (Macintosh; Intel Mac OS X 10_11_3) AppleWebKit/537.36 (KHTML, like Gecko) Chrome/50.0.2661.102 Safari/537.36\"\n","timestamp":"2016-05-14T00:08:08.283Z"}
{"level":"info","message":"::1 - - [14/May/2016:00:08:08 +0000] \"GET /javascripts/utils/perfect-scrollbar.js HTTP/1.1\" 304 - \"http://localhost:3000/randomizer\" \"Mozilla/5.0 (Macintosh; Intel Mac OS X 10_11_3) AppleWebKit/537.36 (KHTML, like Gecko) Chrome/50.0.2661.102 Safari/537.36\"\n","timestamp":"2016-05-14T00:08:08.284Z"}
{"level":"info","message":"::1 - - [14/May/2016:00:08:08 +0000] \"GET /javascripts/utils/plugins.js HTTP/1.1\" 304 - \"http://localhost:3000/randomizer\" \"Mozilla/5.0 (Macintosh; Intel Mac OS X 10_11_3) AppleWebKit/537.36 (KHTML, like Gecko) Chrome/50.0.2661.102 Safari/537.36\"\n","timestamp":"2016-05-14T00:08:08.287Z"}
{"level":"info","message":"::1 - - [14/May/2016:00:08:08 +0000] \"GET /images/logo.png HTTP/1.1\" 304 - \"http://localhost:3000/randomizer\" \"Mozilla/5.0 (Macintosh; Intel Mac OS X 10_11_3) AppleWebKit/537.36 (KHTML, like Gecko) Chrome/50.0.2661.102 Safari/537.36\"\n","timestamp":"2016-05-14T00:08:08.391Z"}
{"level":"info","message":"Connected to MySQL database at localhost : 3000","timestamp":"2016-05-14T00:08:45.189Z"}
{"level":"info","message":"Express app (sogo) has started","timestamp":"2016-05-14T00:08:45.197Z"}
{"level":"info","message":"Listening to localhost:3000\n============================","timestamp":"2016-05-14T00:08:45.236Z"}
{"level":"info","message":"::1 - - [14/May/2016:00:08:49 +0000] \"GET /randomizer HTTP/1.1\" 200 - \"http://localhost:3000/\" \"Mozilla/5.0 (Macintosh; Intel Mac OS X 10_11_3) AppleWebKit/537.36 (KHTML, like Gecko) Chrome/50.0.2661.102 Safari/537.36\"\n","timestamp":"2016-05-14T00:08:49.401Z"}
{"level":"info","message":"::1 - - [14/May/2016:00:08:49 +0000] \"GET /stylesheets/style3.css HTTP/1.1\" 304 - \"http://localhost:3000/randomizer\" \"Mozilla/5.0 (Macintosh; Intel Mac OS X 10_11_3) AppleWebKit/537.36 (KHTML, like Gecko) Chrome/50.0.2661.102 Safari/537.36\"\n","timestamp":"2016-05-14T00:08:49.526Z"}
{"level":"info","message":"::1 - - [14/May/2016:00:08:49 +0000] \"GET /javascripts/utils/prism.js HTTP/1.1\" 304 - \"http://localhost:3000/randomizer\" \"Mozilla/5.0 (Macintosh; Intel Mac OS X 10_11_3) AppleWebKit/537.36 (KHTML, like Gecko) Chrome/50.0.2661.102 Safari/537.36\"\n","timestamp":"2016-05-14T00:08:49.528Z"}
{"level":"info","message":"::1 - - [14/May/2016:00:08:49 +0000] \"GET /javascripts/utils/perfect-scrollbar.js HTTP/1.1\" 304 - \"http://localhost:3000/randomizer\" \"Mozilla/5.0 (Macintosh; Intel Mac OS X 10_11_3) AppleWebKit/537.36 (KHTML, like Gecko) Chrome/50.0.2661.102 Safari/537.36\"\n","timestamp":"2016-05-14T00:08:49.532Z"}
{"level":"info","message":"::1 - - [14/May/2016:00:08:49 +0000] \"GET /javascripts/utils/plugins.js HTTP/1.1\" 304 - \"http://localhost:3000/randomizer\" \"Mozilla/5.0 (Macintosh; Intel Mac OS X 10_11_3) AppleWebKit/537.36 (KHTML, like Gecko) Chrome/50.0.2661.102 Safari/537.36\"\n","timestamp":"2016-05-14T00:08:49.535Z"}
{"level":"info","message":"::1 - - [14/May/2016:00:08:49 +0000] \"GET /images/logo.png HTTP/1.1\" 304 - \"http://localhost:3000/randomizer\" \"Mozilla/5.0 (Macintosh; Intel Mac OS X 10_11_3) AppleWebKit/537.36 (KHTML, like Gecko) Chrome/50.0.2661.102 Safari/537.36\"\n","timestamp":"2016-05-14T00:08:49.751Z"}
{"level":"info","message":"::1 - - [14/May/2016:00:10:05 +0000] \"GET /randomizer HTTP/1.1\" 200 - \"http://localhost:3000/\" \"Mozilla/5.0 (Macintosh; Intel Mac OS X 10_11_3) AppleWebKit/537.36 (KHTML, like Gecko) Chrome/50.0.2661.102 Safari/537.36\"\n","timestamp":"2016-05-14T00:10:05.545Z"}
{"level":"info","message":"::1 - - [14/May/2016:00:10:05 +0000] \"GET /stylesheets/style3.css HTTP/1.1\" 304 - \"http://localhost:3000/randomizer\" \"Mozilla/5.0 (Macintosh; Intel Mac OS X 10_11_3) AppleWebKit/537.36 (KHTML, like Gecko) Chrome/50.0.2661.102 Safari/537.36\"\n","timestamp":"2016-05-14T00:10:05.725Z"}
{"level":"info","message":"::1 - - [14/May/2016:00:10:05 +0000] \"GET /javascripts/utils/prism.js HTTP/1.1\" 304 - \"http://localhost:3000/randomizer\" \"Mozilla/5.0 (Macintosh; Intel Mac OS X 10_11_3) AppleWebKit/537.36 (KHTML, like Gecko) Chrome/50.0.2661.102 Safari/537.36\"\n","timestamp":"2016-05-14T00:10:05.727Z"}
{"level":"info","message":"::1 - - [14/May/2016:00:10:05 +0000] \"GET /javascripts/utils/perfect-scrollbar.js HTTP/1.1\" 304 - \"http://localhost:3000/randomizer\" \"Mozilla/5.0 (Macintosh; Intel Mac OS X 10_11_3) AppleWebKit/537.36 (KHTML, like Gecko) Chrome/50.0.2661.102 Safari/537.36\"\n","timestamp":"2016-05-14T00:10:05.730Z"}
{"level":"info","message":"::1 - - [14/May/2016:00:10:05 +0000] \"GET /javascripts/utils/plugins.js HTTP/1.1\" 304 - \"http://localhost:3000/randomizer\" \"Mozilla/5.0 (Macintosh; Intel Mac OS X 10_11_3) AppleWebKit/537.36 (KHTML, like Gecko) Chrome/50.0.2661.102 Safari/537.36\"\n","timestamp":"2016-05-14T00:10:05.732Z"}
{"level":"info","message":"::1 - - [14/May/2016:00:10:05 +0000] \"GET /images/logo.png HTTP/1.1\" 304 - \"http://localhost:3000/randomizer\" \"Mozilla/5.0 (Macintosh; Intel Mac OS X 10_11_3) AppleWebKit/537.36 (KHTML, like Gecko) Chrome/50.0.2661.102 Safari/537.36\"\n","timestamp":"2016-05-14T00:10:05.835Z"}
{"level":"info","message":"::1 - - [14/May/2016:00:10:20 +0000] \"GET /randomizer HTTP/1.1\" 304 - \"http://localhost:3000/\" \"Mozilla/5.0 (Macintosh; Intel Mac OS X 10_11_3) AppleWebKit/537.36 (KHTML, like Gecko) Chrome/50.0.2661.102 Safari/537.36\"\n","timestamp":"2016-05-14T00:10:20.361Z"}
{"level":"info","message":"::1 - - [14/May/2016:00:10:20 +0000] \"GET /stylesheets/style3.css HTTP/1.1\" 304 - \"http://localhost:3000/randomizer\" \"Mozilla/5.0 (Macintosh; Intel Mac OS X 10_11_3) AppleWebKit/537.36 (KHTML, like Gecko) Chrome/50.0.2661.102 Safari/537.36\"\n","timestamp":"2016-05-14T00:10:20.488Z"}
{"level":"info","message":"::1 - - [14/May/2016:00:10:20 +0000] \"GET /javascripts/utils/prism.js HTTP/1.1\" 304 - \"http://localhost:3000/randomizer\" \"Mozilla/5.0 (Macintosh; Intel Mac OS X 10_11_3) AppleWebKit/537.36 (KHTML, like Gecko) Chrome/50.0.2661.102 Safari/537.36\"\n","timestamp":"2016-05-14T00:10:20.489Z"}
{"level":"info","message":"::1 - - [14/May/2016:00:10:20 +0000] \"GET /javascripts/utils/perfect-scrollbar.js HTTP/1.1\" 304 - \"http://localhost:3000/randomizer\" \"Mozilla/5.0 (Macintosh; Intel Mac OS X 10_11_3) AppleWebKit/537.36 (KHTML, like Gecko) Chrome/50.0.2661.102 Safari/537.36\"\n","timestamp":"2016-05-14T00:10:20.496Z"}
{"level":"info","message":"::1 - - [14/May/2016:00:10:20 +0000] \"GET /javascripts/utils/plugins.js HTTP/1.1\" 304 - \"http://localhost:3000/randomizer\" \"Mozilla/5.0 (Macintosh; Intel Mac OS X 10_11_3) AppleWebKit/537.36 (KHTML, like Gecko) Chrome/50.0.2661.102 Safari/537.36\"\n","timestamp":"2016-05-14T00:10:20.498Z"}
{"level":"info","message":"::1 - - [14/May/2016:00:10:20 +0000] \"GET /images/logo.png HTTP/1.1\" 304 - \"http://localhost:3000/randomizer\" \"Mozilla/5.0 (Macintosh; Intel Mac OS X 10_11_3) AppleWebKit/537.36 (KHTML, like Gecko) Chrome/50.0.2661.102 Safari/537.36\"\n","timestamp":"2016-05-14T00:10:20.577Z"}
{"level":"info","message":"::1 - - [14/May/2016:00:10:49 +0000] \"GET /randomizer HTTP/1.1\" 200 - \"http://localhost:3000/\" \"Mozilla/5.0 (Macintosh; Intel Mac OS X 10_11_3) AppleWebKit/537.36 (KHTML, like Gecko) Chrome/50.0.2661.102 Safari/537.36\"\n","timestamp":"2016-05-14T00:10:49.934Z"}
{"level":"info","message":"::1 - - [14/May/2016:00:10:50 +0000] \"GET /stylesheets/style3.css HTTP/1.1\" 304 - \"http://localhost:3000/randomizer\" \"Mozilla/5.0 (Macintosh; Intel Mac OS X 10_11_3) AppleWebKit/537.36 (KHTML, like Gecko) Chrome/50.0.2661.102 Safari/537.36\"\n","timestamp":"2016-05-14T00:10:50.031Z"}
{"level":"info","message":"::1 - - [14/May/2016:00:10:50 +0000] \"GET /javascripts/utils/prism.js HTTP/1.1\" 304 - \"http://localhost:3000/randomizer\" \"Mozilla/5.0 (Macintosh; Intel Mac OS X 10_11_3) AppleWebKit/537.36 (KHTML, like Gecko) Chrome/50.0.2661.102 Safari/537.36\"\n","timestamp":"2016-05-14T00:10:50.032Z"}
{"level":"info","message":"::1 - - [14/May/2016:00:10:50 +0000] \"GET /javascripts/utils/perfect-scrollbar.js HTTP/1.1\" 304 - \"http://localhost:3000/randomizer\" \"Mozilla/5.0 (Macintosh; Intel Mac OS X 10_11_3) AppleWebKit/537.36 (KHTML, like Gecko) Chrome/50.0.2661.102 Safari/537.36\"\n","timestamp":"2016-05-14T00:10:50.033Z"}
{"level":"info","message":"::1 - - [14/May/2016:00:10:50 +0000] \"GET /javascripts/utils/plugins.js HTTP/1.1\" 304 - \"http://localhost:3000/randomizer\" \"Mozilla/5.0 (Macintosh; Intel Mac OS X 10_11_3) AppleWebKit/537.36 (KHTML, like Gecko) Chrome/50.0.2661.102 Safari/537.36\"\n","timestamp":"2016-05-14T00:10:50.035Z"}
{"level":"info","message":"::1 - - [14/May/2016:00:10:50 +0000] \"GET /images/logo.png HTTP/1.1\" 304 - \"http://localhost:3000/randomizer\" \"Mozilla/5.0 (Macintosh; Intel Mac OS X 10_11_3) AppleWebKit/537.36 (KHTML, like Gecko) Chrome/50.0.2661.102 Safari/537.36\"\n","timestamp":"2016-05-14T00:10:50.233Z"}
{"level":"info","message":"::1 - - [14/May/2016:00:10:50 +0000] \"GET /images/logo.png HTTP/1.1\" 200 121356 \"http://localhost:3000/randomizer\" \"Mozilla/5.0 (Macintosh; Intel Mac OS X 10_11_3) AppleWebKit/537.36 (KHTML, like Gecko) Chrome/50.0.2661.102 Safari/537.36\"\n","timestamp":"2016-05-14T00:10:50.903Z"}
{"level":"info","message":"::1 - - [14/May/2016:00:11:14 +0000] \"GET /randomizer HTTP/1.1\" 200 - \"http://localhost:3000/\" \"Mozilla/5.0 (Macintosh; Intel Mac OS X 10_11_3) AppleWebKit/537.36 (KHTML, like Gecko) Chrome/50.0.2661.102 Safari/537.36\"\n","timestamp":"2016-05-14T00:11:14.366Z"}
{"level":"info","message":"::1 - - [14/May/2016:00:11:14 +0000] \"GET /stylesheets/style3.css HTTP/1.1\" 304 - \"http://localhost:3000/randomizer\" \"Mozilla/5.0 (Macintosh; Intel Mac OS X 10_11_3) AppleWebKit/537.36 (KHTML, like Gecko) Chrome/50.0.2661.102 Safari/537.36\"\n","timestamp":"2016-05-14T00:11:14.456Z"}
{"level":"info","message":"::1 - - [14/May/2016:00:11:14 +0000] \"GET /javascripts/utils/prism.js HTTP/1.1\" 304 - \"http://localhost:3000/randomizer\" \"Mozilla/5.0 (Macintosh; Intel Mac OS X 10_11_3) AppleWebKit/537.36 (KHTML, like Gecko) Chrome/50.0.2661.102 Safari/537.36\"\n","timestamp":"2016-05-14T00:11:14.458Z"}
{"level":"info","message":"::1 - - [14/May/2016:00:11:14 +0000] \"GET /javascripts/utils/perfect-scrollbar.js HTTP/1.1\" 304 - \"http://localhost:3000/randomizer\" \"Mozilla/5.0 (Macintosh; Intel Mac OS X 10_11_3) AppleWebKit/537.36 (KHTML, like Gecko) Chrome/50.0.2661.102 Safari/537.36\"\n","timestamp":"2016-05-14T00:11:14.461Z"}
{"level":"info","message":"::1 - - [14/May/2016:00:11:14 +0000] \"GET /javascripts/utils/plugins.js HTTP/1.1\" 304 - \"http://localhost:3000/randomizer\" \"Mozilla/5.0 (Macintosh; Intel Mac OS X 10_11_3) AppleWebKit/537.36 (KHTML, like Gecko) Chrome/50.0.2661.102 Safari/537.36\"\n","timestamp":"2016-05-14T00:11:14.463Z"}
{"level":"info","message":"::1 - - [14/May/2016:00:11:14 +0000] \"GET /images/logo.png HTTP/1.1\" 304 - \"http://localhost:3000/randomizer\" \"Mozilla/5.0 (Macintosh; Intel Mac OS X 10_11_3) AppleWebKit/537.36 (KHTML, like Gecko) Chrome/50.0.2661.102 Safari/537.36\"\n","timestamp":"2016-05-14T00:11:14.537Z"}
{"level":"info","message":"::1 - - [14/May/2016:00:11:15 +0000] \"GET /images/logo.png HTTP/1.1\" 200 121356 \"http://localhost:3000/randomizer\" \"Mozilla/5.0 (Macintosh; Intel Mac OS X 10_11_3) AppleWebKit/537.36 (KHTML, like Gecko) Chrome/50.0.2661.102 Safari/537.36\"\n","timestamp":"2016-05-14T00:11:15.325Z"}
{"level":"info","message":"::1 - - [14/May/2016:00:12:01 +0000] \"GET /randomizer HTTP/1.1\" 200 - \"http://localhost:3000/\" \"Mozilla/5.0 (Macintosh; Intel Mac OS X 10_11_3) AppleWebKit/537.36 (KHTML, like Gecko) Chrome/50.0.2661.102 Safari/537.36\"\n","timestamp":"2016-05-14T00:12:01.055Z"}
{"level":"info","message":"::1 - - [14/May/2016:00:12:01 +0000] \"GET /stylesheets/style3.css HTTP/1.1\" 304 - \"http://localhost:3000/randomizer\" \"Mozilla/5.0 (Macintosh; Intel Mac OS X 10_11_3) AppleWebKit/537.36 (KHTML, like Gecko) Chrome/50.0.2661.102 Safari/537.36\"\n","timestamp":"2016-05-14T00:12:01.145Z"}
{"level":"info","message":"::1 - - [14/May/2016:00:12:01 +0000] \"GET /javascripts/utils/prism.js HTTP/1.1\" 304 - \"http://localhost:3000/randomizer\" \"Mozilla/5.0 (Macintosh; Intel Mac OS X 10_11_3) AppleWebKit/537.36 (KHTML, like Gecko) Chrome/50.0.2661.102 Safari/537.36\"\n","timestamp":"2016-05-14T00:12:01.148Z"}
{"level":"info","message":"::1 - - [14/May/2016:00:12:01 +0000] \"GET /javascripts/utils/perfect-scrollbar.js HTTP/1.1\" 304 - \"http://localhost:3000/randomizer\" \"Mozilla/5.0 (Macintosh; Intel Mac OS X 10_11_3) AppleWebKit/537.36 (KHTML, like Gecko) Chrome/50.0.2661.102 Safari/537.36\"\n","timestamp":"2016-05-14T00:12:01.149Z"}
{"level":"info","message":"::1 - - [14/May/2016:00:12:01 +0000] \"GET /javascripts/utils/plugins.js HTTP/1.1\" 304 - \"http://localhost:3000/randomizer\" \"Mozilla/5.0 (Macintosh; Intel Mac OS X 10_11_3) AppleWebKit/537.36 (KHTML, like Gecko) Chrome/50.0.2661.102 Safari/537.36\"\n","timestamp":"2016-05-14T00:12:01.151Z"}
{"level":"info","message":"::1 - - [14/May/2016:00:12:01 +0000] \"GET /images/logo.png HTTP/1.1\" 304 - \"http://localhost:3000/randomizer\" \"Mozilla/5.0 (Macintosh; Intel Mac OS X 10_11_3) AppleWebKit/537.36 (KHTML, like Gecko) Chrome/50.0.2661.102 Safari/537.36\"\n","timestamp":"2016-05-14T00:12:01.279Z"}
{"level":"info","message":"::1 - - [14/May/2016:00:12:02 +0000] \"GET /images/logo.png HTTP/1.1\" 200 121356 \"http://localhost:3000/randomizer\" \"Mozilla/5.0 (Macintosh; Intel Mac OS X 10_11_3) AppleWebKit/537.36 (KHTML, like Gecko) Chrome/50.0.2661.102 Safari/537.36\"\n","timestamp":"2016-05-14T00:12:02.291Z"}
{"level":"info","message":"Connected to MySQL database at localhost : 3000","timestamp":"2016-05-14T00:12:44.645Z"}
{"level":"info","message":"Express app (sogo) has started","timestamp":"2016-05-14T00:12:44.654Z"}
{"level":"info","message":"Listening to localhost:3000\n============================","timestamp":"2016-05-14T00:12:44.698Z"}
{"level":"info","message":"Connected to MySQL database at localhost : 3000","timestamp":"2016-05-14T00:13:21.664Z"}
{"level":"info","message":"Express app (sogo) has started","timestamp":"2016-05-14T00:13:21.673Z"}
{"level":"info","message":"Listening to localhost:3000\n============================","timestamp":"2016-05-14T00:13:21.714Z"}
{"level":"info","message":"Connected to MySQL database at localhost : 3000","timestamp":"2016-05-14T00:30:24.570Z"}
{"level":"info","message":"Express app (sogo) has started","timestamp":"2016-05-14T00:30:24.580Z"}
{"level":"info","message":"Listening to localhost:3000\n============================","timestamp":"2016-05-14T00:30:24.619Z"}
{"level":"info","message":"Connected to MySQL database at localhost : 3000","timestamp":"2016-05-14T00:32:10.929Z"}
{"level":"info","message":"Express app (sogo) has started","timestamp":"2016-05-14T00:32:10.938Z"}
{"level":"info","message":"Listening to localhost:3000\n============================","timestamp":"2016-05-14T00:32:10.983Z"}
{"level":"info","message":"Connected to MySQL database at localhost : 3000","timestamp":"2016-05-14T00:34:20.980Z"}
{"level":"info","message":"Express app (sogo) has started","timestamp":"2016-05-14T00:34:20.990Z"}
{"level":"info","message":"Listening to localhost:3000\n============================","timestamp":"2016-05-14T00:34:21.037Z"}
{"level":"info","message":"Connected to MySQL database at localhost : 3000","timestamp":"2016-05-14T00:44:35.099Z"}
{"level":"info","message":"Express app (sogo) has started","timestamp":"2016-05-14T00:44:35.108Z"}
{"level":"info","message":"Listening to localhost:3000\n============================","timestamp":"2016-05-14T00:44:35.149Z"}
{"level":"info","message":"Connected to MySQL database at localhost : 3000","timestamp":"2016-05-14T00:45:33.825Z"}
{"level":"info","message":"Express app (sogo) has started","timestamp":"2016-05-14T00:45:33.834Z"}
{"level":"info","message":"Listening to localhost:3000\n============================","timestamp":"2016-05-14T00:45:33.878Z"}
{"level":"info","message":"Connected to MySQL database at localhost : 3000","timestamp":"2016-05-14T01:31:00.529Z"}
{"level":"info","message":"Express app (sogo) has started","timestamp":"2016-05-14T01:31:00.540Z"}
{"level":"info","message":"Listening to localhost:3000\n============================","timestamp":"2016-05-14T01:31:00.581Z"}
{"date":"Sat May 14 2016 09:31:39 GMT+0800 (PHT)","process":{"pid":3992,"uid":501,"gid":20,"cwd":"/Users/michaelbraga/Documents/SOGOv2","execPath":"/usr/local/bin/node","version":"v5.2.0","argv":["/usr/local/bin/node","/Users/michaelbraga/Documents/SOGOv2/bin/www"],"memoryUsage":{"rss":47124480,"heapTotal":30214176,"heapUsed":13933464}},"os":{"loadavg":[1.49267578125,1.76708984375,1.83544921875],"uptime":135922},"trace":[{"column":7,"file":"/Users/michaelbraga/Documents/SOGOv2/config/config.js","function":"","line":5,"method":null,"native":false},{"column":26,"file":"module.js","function":"Module._compile","line":399,"method":"_compile","native":false},{"column":10,"file":"module.js","function":"Object.Module._extensions..js","line":406,"method":"Module._extensions..js","native":false},{"column":32,"file":"module.js","function":"Module.load","line":345,"method":"load","native":false},{"column":12,"file":"module.js","function":"Function.Module._load","line":302,"method":"Module._load","native":false},{"column":17,"file":"module.js","function":"Module.require","line":355,"method":"require","native":false},{"column":17,"file":"internal/module.js","function":"require","line":13,"method":null,"native":false},{"column":14,"file":"/Users/michaelbraga/Documents/SOGOv2/app.js","function":"","line":13,"method":null,"native":false},{"column":26,"file":"module.js","function":"Module._compile","line":399,"method":"_compile","native":false},{"column":10,"file":"module.js","function":"Object.Module._extensions..js","line":406,"method":"Module._extensions..js","native":false}],"stack":["ReferenceError: NODE_ENV is not defined","    at Object.<anonymous> (/Users/michaelbraga/Documents/SOGOv2/config/config.js:5:7)","    at Module._compile (module.js:399:26)","    at Object.Module._extensions..js (module.js:406:10)","    at Module.load (module.js:345:32)","    at Function.Module._load (module.js:302:12)","    at Module.require (module.js:355:17)","    at require (internal/module.js:13:17)","    at Object.<anonymous> (/Users/michaelbraga/Documents/SOGOv2/app.js:13:14)","    at Module._compile (module.js:399:26)","    at Object.Module._extensions..js (module.js:406:10)"],"level":"error","message":"uncaughtException: NODE_ENV is not defined","timestamp":"2016-05-14T01:31:39.713Z"}
{"level":"info","message":"Connected to MySQL database at localhost : 3000","timestamp":"2016-05-14T01:32:25.440Z"}
{"level":"info","message":"Express app (sogo) has started","timestamp":"2016-05-14T01:32:25.448Z"}
{"level":"info","message":"Listening to localhost:3000\n============================","timestamp":"2016-05-14T01:32:25.484Z"}
{"level":"info","message":"Connected to MySQL database at cmsc128-ab-2l-seoul.chpejxdwz6ao.ap-northeast-2.rds.amazonaws.com : 3306","timestamp":"2016-05-14T01:34:43.073Z"}
{"level":"info","message":"Express app (sogo) has started","timestamp":"2016-05-14T01:34:43.084Z"}
{"level":"info","message":"Listening to localhost:3000\n============================","timestamp":"2016-05-14T01:34:43.127Z"}
{"level":"info","message":"Connected to MySQL database at localhost : 3000","timestamp":"2016-05-14T01:35:15.287Z"}
{"level":"info","message":"Express app (sogo) has started","timestamp":"2016-05-14T01:35:15.297Z"}
{"level":"info","message":"Listening to localhost:3000\n============================","timestamp":"2016-05-14T01:35:15.334Z"}
{"level":"info","message":"Connected to MySQL database at localhost : 3000","timestamp":"2016-05-14T01:35:19.653Z"}
{"level":"info","message":"Express app (sogo) has started","timestamp":"2016-05-14T01:35:19.663Z"}
{"level":"info","message":"Listening to localhost:3000\n============================","timestamp":"2016-05-14T01:35:19.700Z"}
{"level":"info","message":"Connected to MySQL database at localhost : 3000","timestamp":"2016-05-14T03:31:55.184Z"}
{"level":"info","message":"Express app (sogo) has started","timestamp":"2016-05-14T03:31:55.192Z"}
{"level":"info","message":"Listening to localhost:3000\n============================","timestamp":"2016-05-14T03:31:55.241Z"}
{"level":"info","message":"Connected to MySQL database at localhost : 3000","timestamp":"2016-05-14T03:32:33.199Z"}
{"level":"info","message":"Express app (sogo) has started","timestamp":"2016-05-14T03:32:33.207Z"}
{"level":"info","message":"Listening to localhost:3000\n============================","timestamp":"2016-05-14T03:32:33.251Z"}
{"level":"info","message":"Connected to MySQL database at localhost : 3000","timestamp":"2016-05-14T03:36:12.953Z"}
{"level":"info","message":"Express app (sogo) has started","timestamp":"2016-05-14T03:36:12.964Z"}
{"level":"info","message":"Listening to localhost:3000\n============================","timestamp":"2016-05-14T03:36:13.004Z"}
